Start testing: Sep 28 23:02 MSK
----------------------------------------------------------
1/1 Testing: BaseTest
1/1 Test: BaseTest
Command: "/home/sergey/SM3/build/project/tests/tests" "/home/sergey/SM3/project/tests/data"
Directory: /home/sergey/SM3/build/project/tests
"BaseTest" start time: Sep 28 23:02 MSK
Output:
----------------------------------------------------------
Высота: -100
Геопотенциальная высота: -100
Ускорение свободного падения: 9.807
Температура: 288.8

Высота: 3000
Геопотенциальная высота: 2998.6
Ускорение свободного падения: 9.7974
Температура: 268.66

Высота: 17046
Геопотенциальная высота: 17000
Ускорение свободного падения: 9.7543
Температура: 216.65

Высота: 26107
Геопотенциальная высота: 26000
Ускорение свободного падения: 9.7266
Температура: 222.65

Высота: 36000
Геопотенциальная высота: 35797
Ускорение свободного падения: 9.6965
Температура: 239.28

Высота: 48365
Геопотенциальная высота: 48000
Ускорение свободного падения: 9.6591
Температура: 270.65

Высота: 55000
Геопотенциальная высота: 54528
Ускорение свободного падения: 9.6391
Температура: 260.77

Высота: 79000
Геопотенциальная высота: 78030
Ускорение свободного падения: 9.5674
Температура: 200.59

Высота: 84000
Геопотенциальная высота: -5000
Ускорение свободного падения: -5000
Температура: -5000

<end of output>
Test time =   0.00 sec
----------------------------------------------------------
Test Passed.
"BaseTest" end time: Sep 28 23:02 MSK
"BaseTest" time elapsed: 00:00:00
----------------------------------------------------------

End testing: Sep 28 23:02 MSK
