Start testing: Sep 28 22:13 MSK
----------------------------------------------------------
1/1 Testing: BaseTest
1/1 Test: BaseTest
Command: "/home/sergey/SM3/build/project/tests/tests" "/home/sergey/SM3/project/tests/data"
Directory: /home/sergey/SM3/build/project/tests
"BaseTest" start time: Sep 28 22:13 MSK
Output:
----------------------------------------------------------
Высота: 32000
Геопотенциальная высота: 31840
Ускорение свободного падения: 9.7087
Температура: 216.65

Высота: 47000
Геопотенциальная высота: 46655
Ускорение свободного падения: 9.6632
Температура: 243.31

Высота: 51000
Геопотенциальная высота: 50594
Ускорение свободного падения: 9.6512
Температура: 280.71

Высота: 71000
Геопотенциальная высота: 70216
Ускорение свободного падения: 9.5912
Температура: 270.65

<end of output>
Test time =   0.00 sec
----------------------------------------------------------
Test Passed.
"BaseTest" end time: Sep 28 22:13 MSK
"BaseTest" time elapsed: 00:00:00
----------------------------------------------------------

End testing: Sep 28 22:13 MSK
