<?xml version="1.0" encoding="UTF-8"?>
<Site BuildName="(empty)"
	BuildStamp="20220928-1913-Experimental"
	Name="(empty)"
	Generator="ctest-3.24.2"
	CompilerName=""
	CompilerVersion=""
	OSName="Linux"
	Hostname="ideapad"
	OSRelease="5.15.0-48-generic"
	OSVersion="#54-Ubuntu SMP Fri Aug 26 13:26:29 UTC 2022"
	OSPlatform="x86_64"
	Is64Bits="1"
	VendorString="AuthenticAMD"
	VendorID="Advanced Micro Devices"
	FamilyID="23"
	ModelID="96"
	ProcessorCacheSize="512"
	NumberOfLogicalCPU="12"
	NumberOfPhysicalCPU="6"
	TotalVirtualMemory="2047"
	TotalPhysicalMemory="15364"
	LogicalProcessorsPerPhysical="2"
	ProcessorClockFrequency="3592.98"
	>
	<Testing>
		<StartDateTime>Sep 28 22:13 MSK</StartDateTime>
		<StartTestTime>1664392391</StartTestTime>
		<TestList>
			<Test>./project/tests/BaseTest</Test>
		</TestList>
		<Test Status="passed">
			<Name>BaseTest</Name>
			<Path>./project/tests</Path>
			<FullName>./project/tests/BaseTest</FullName>
			<FullCommandLine>/home/sergey/SM3/build/project/tests/tests "/home/sergey/SM3/project/tests/data"</FullCommandLine>
			<Results>
				<NamedMeasurement type="numeric/double" name="Execution Time">
					<Value>0.00147304</Value>
				</NamedMeasurement>
				<NamedMeasurement type="numeric/double" name="Processors">
					<Value>1</Value>
				</NamedMeasurement>
				<NamedMeasurement type="text/string" name="Completion Status">
					<Value>Completed</Value>
				</NamedMeasurement>
				<NamedMeasurement type="text/string" name="Command Line">
					<Value>/home/sergey/SM3/build/project/tests/tests "/home/sergey/SM3/project/tests/data"</Value>
				</NamedMeasurement>
				<NamedMeasurement type="text/string" name="Environment">
					<Value>#CTEST_RESOURCE_GROUP_COUNT=</Value>
				</NamedMeasurement>
				<Measurement>
					<Value encoding="base64" compression="gzip">eJylkU0OgjAQhfecoidoWvoHnE4xcaMJid5AL1BREqOCV3hzIwd2aGQBi6bpN30vXzI40I7W6KhELIRJlVIJjmjQ4T3QBi1tcUfEk/ZoEakSqEchnVkOnZk8mK36CAcawaDmngufG6MOV3SCayM/hz9UFSKXQWUhwYnRi4cNF0QqadPfhUi1l94lCUaeNszwtN47t8DTe5P+97RGGv3t6fQMT6dcbpd4Oj3hmSkZfjzDHM+geDkLPF0+5RnUsPcPoT+XrA==</Value>
				</Measurement>
			</Results>
		</Test>
		<EndDateTime>Sep 28 22:13 MSK</EndDateTime>
		<EndTestTime>1664392391</EndTestTime>
		<ElapsedMinutes>0</ElapsedMinutes>
	</Testing>
</Site>
